# JRE version: OpenJDK Runtime Environment (21.0.5) (build 21.0.5+-13047016-b750.29)
# Java VM: OpenJDK 64-Bit Server VM (21.0.5+-13047016-b750.29, mixed mode, tiered, compressed oops, compressed class ptrs, g1 gc, windows-amd64)
GC Precious Log:
 CardTable entry size: 512
 Card Set container configuration: InlinePtr #cards 5 size 8 Array Of Cards #cards 12 size 40 Howl #buckets 4 coarsen threshold 1843 Howl Bitmap #cards 512 size 80 coarsen threshold 460 Card regions per heap region 1 cards per card region 2048
 CPUs: 8 total, 8 available
 Memory: 7413M
 Large Page Support: Disabled
 NUMA Support: Disabled
 Compressed Oops: Enabled (32-bit)
 Heap Region Size: 1M
 Heap Min Capacity: 8M
 Heap Initial Capacity: 116M
 Heap Max Capacity: 1854M
 Pre-touch: Disabled
 Parallel Workers: 8
 Concurrent Workers: 2
 Concurrent Refinement Workers: 8
 Periodic GC: Disabled
Heap:
 garbage-first heap   total 97280K, used 61786K [0x000000008c200000, 0x0000000100000000)
  region size 1024K, 5 young (5120K), 3 survivors (3072K)
 Metaspace       used 63906K, committed 64192K, reserved 1114112K
  class space    used 7116K, committed 7232K, reserved 1048576K
GC Heap History (20 events):
Event: 10.536 GC heap before
{Heap before GC invocations=12 (full 0):
 garbage-first heap   total 47104K, used 37649K [0x000000008c200000, 0x0000000100000000)
  region size 1024K, 14 young (14336K), 3 survivors (3072K)
 Metaspace       used 50741K, committed 51072K, reserved 1114112K
  class space    used 5793K, committed 5952K, reserved 1048576K
}
Event: 10.555 GC heap after
{Heap after GC invocations=13 (full 0):
 garbage-first heap   total 47104K, used 29999K [0x000000008c200000, 0x0000000100000000)
  region size 1024K, 2 young (2048K), 2 survivors (2048K)
 Metaspace       used 50741K, committed 51072K, reserved 1114112K
  class space    used 5793K, committed 5952K, reserved 1048576K
}
Event: 10.887 GC heap before
{Heap before GC invocations=14 (full 0):
 garbage-first heap   total 53248K, used 41263K [0x000000008c200000, 0x0000000100000000)
  region size 1024K, 12 young (12288K), 2 survivors (2048K)
 Metaspace       used 50749K, committed 51072K, reserved 1114112K
  class space    used 5793K, committed 5952K, reserved 1048576K
}
Event: 10.897 GC heap after
{Heap after GC invocations=15 (full 0):
 garbage-first heap   total 53248K, used 34460K [0x000000008c200000, 0x0000000100000000)
  region size 1024K, 2 young (2048K), 2 survivors (2048K)
 Metaspace       used 50749K, committed 51072K, reserved 1114112K
  class space    used 5793K, committed 5952K, reserved 1048576K
}
Event: 11.021 GC heap before
{Heap before GC invocations=15 (full 0):
 garbage-first heap   total 53248K, used 44700K [0x000000008c200000, 0x0000000100000000)
  region size 1024K, 12 young (12288K), 2 survivors (2048K)
 Metaspace       used 50761K, committed 51072K, reserved 1114112K
  class space    used 5793K, committed 5952K, reserved 1048576K
}
Event: 11.035 GC heap after
{Heap after GC invocations=16 (full 0):
 garbage-first heap   total 53248K, used 38718K [0x000000008c200000, 0x0000000100000000)
  region size 1024K, 2 young (2048K), 2 survivors (2048K)
 Metaspace       used 50761K, committed 51072K, reserved 1114112K
  class space    used 5793K, committed 5952K, reserved 1048576K
}
Event: 11.210 GC heap before
{Heap before GC invocations=16 (full 0):
 garbage-first heap   total 53248K, used 45886K [0x000000008c200000, 0x0000000100000000)
  region size 1024K, 9 young (9216K), 2 survivors (2048K)
 Metaspace       used 50901K, committed 51200K, reserved 1114112K
  class space    used 5802K, committed 5952K, reserved 1048576K
}
Event: 11.219 GC heap after
{Heap after GC invocations=17 (full 0):
 garbage-first heap   total 81920K, used 41768K [0x000000008c200000, 0x0000000100000000)
  region size 1024K, 2 young (2048K), 2 survivors (2048K)
 Metaspace       used 50901K, committed 51200K, reserved 1114112K
  class space    used 5802K, committed 5952K, reserved 1048576K
}
Event: 14.215 GC heap before
{Heap before GC invocations=18 (full 0):
 garbage-first heap   total 81920K, used 62248K [0x000000008c200000, 0x0000000100000000)
  region size 1024K, 23 young (23552K), 2 survivors (2048K)
 Metaspace       used 53774K, committed 54080K, reserved 1114112K
  class space    used 6123K, committed 6272K, reserved 1048576K
}
Event: 14.233 GC heap after
{Heap after GC invocations=19 (full 0):
 garbage-first heap   total 81920K, used 46080K [0x000000008c200000, 0x0000000100000000)
  region size 1024K, 3 young (3072K), 3 survivors (3072K)
 Metaspace       used 53774K, committed 54080K, reserved 1114112K
  class space    used 6123K, committed 6272K, reserved 1048576K
}
Event: 15.519 GC heap before
{Heap before GC invocations=19 (full 0):
 garbage-first heap   total 81920K, used 66560K [0x000000008c200000, 0x0000000100000000)
  region size 1024K, 23 young (23552K), 3 survivors (3072K)
 Metaspace       used 58727K, committed 59072K, reserved 1114112K
  class space    used 6703K, committed 6848K, reserved 1048576K
}
Event: 15.538 GC heap after
{Heap after GC invocations=20 (full 0):
 garbage-first heap   total 81920K, used 48693K [0x000000008c200000, 0x0000000100000000)
  region size 1024K, 3 young (3072K), 3 survivors (3072K)
 Metaspace       used 58727K, committed 59072K, reserved 1114112K
  class space    used 6703K, committed 6848K, reserved 1048576K
}
Event: 16.621 GC heap before
{Heap before GC invocations=20 (full 0):
 garbage-first heap   total 81920K, used 68149K [0x000000008c200000, 0x0000000100000000)
  region size 1024K, 22 young (22528K), 3 survivors (3072K)
 Metaspace       used 60063K, committed 60416K, reserved 1114112K
  class space    used 6820K, committed 6976K, reserved 1048576K
}
Event: 16.638 GC heap after
{Heap after GC invocations=21 (full 0):
 garbage-first heap   total 81920K, used 51836K [0x000000008c200000, 0x0000000100000000)
  region size 1024K, 3 young (3072K), 3 survivors (3072K)
 Metaspace       used 60063K, committed 60416K, reserved 1114112K
  class space    used 6820K, committed 6976K, reserved 1048576K
}
Event: 18.339 GC heap before
{Heap before GC invocations=22 (full 0):
 garbage-first heap   total 86016K, used 67196K [0x000000008c200000, 0x0000000100000000)
  region size 1024K, 20 young (20480K), 3 survivors (3072K)
 Metaspace       used 63213K, committed 63488K, reserved 1114112K
  class space    used 7094K, committed 7232K, reserved 1048576K
}
Event: 18.351 GC heap after
{Heap after GC invocations=23 (full 0):
 garbage-first heap   total 86016K, used 52304K [0x000000008c200000, 0x0000000100000000)
  region size 1024K, 2 young (2048K), 2 survivors (2048K)
 Metaspace       used 63213K, committed 63488K, reserved 1114112K
  class space    used 7094K, committed 7232K, reserved 1048576K
}
Event: 19.772 GC heap before
{Heap before GC invocations=23 (full 0):
 garbage-first heap   total 86016K, used 73808K [0x000000008c200000, 0x0000000100000000)
  region size 1024K, 23 young (23552K), 2 survivors (2048K)
 Metaspace       used 63841K, committed 64128K, reserved 1114112K
  class space    used 7115K, committed 7232K, reserved 1048576K
}
Event: 19.792 GC heap after
{Heap after GC invocations=24 (full 0):
 garbage-first heap   total 86016K, used 55902K [0x000000008c200000, 0x0000000100000000)
  region size 1024K, 3 young (3072K), 3 survivors (3072K)
 Metaspace       used 63841K, committed 64128K, reserved 1114112K
  class space    used 7115K, committed 7232K, reserved 1048576K
}
Event: 20.378 GC heap before
{Heap before GC invocations=24 (full 0):
 garbage-first heap   total 86016K, used 74334K [0x000000008c200000, 0x0000000100000000)
  region size 1024K, 21 young (21504K), 3 survivors (3072K)
 Metaspace       used 63902K, committed 64192K, reserved 1114112K
  class space    used 7115K, committed 7232K, reserved 1048576K
}
Event: 20.403 GC heap after
{Heap after GC invocations=25 (full 0):
 garbage-first heap   total 86016K, used 60762K [0x000000008c200000, 0x0000000100000000)
  region size 1024K, 3 young (3072K), 3 survivors (3072K)
 Metaspace       used 63902K, committed 64192K, reserved 1114112K
  class space    used 7115K, committed 7232K, reserved 1048576K
}

